INFO: ResetCycle cm: false data: false
INFO: ResetCycle cm: "build" data: { isCancel=false, name="ueb1301" }
INFO: ResetCycle cm: "build" data: { isCancel=false, name="xeb0104" }
INFO: ResetCycle cm: false data: false
INFO: ResetCycle cm: false data: false
INFO: ResetCycle cm: false data: false
INFO: ResetCycle cm: "order" data: { isCancel=true, name="RULEUCC_Guard" }
INFO: ResetCycle cm: false data: false
INFO: ResetCycle cm: false data: false
INFO: ResetCycle cm: false data: false
INFO: ResetCycle cm: false data: false
INFO: ResetCycle cm: false data: false
INFO: ResetCycle cm: false data: false
INFO: ResetCycle cm: "build" data: { isCancel=true, name="ueb1301" }
INFO: ResetCycle cm: false data: false
INFO: ResetCycle cm: false data: false
INFO: ResetCycle cm: false data: false
INFO: ResetCycle cm: "build" data: { isCancel=true, name="ueb1302" }
INFO: ResetCycle cm: false data: false
INFO: ResetCycle cm: "build" data: { isCancel=false, name="ueb1302" }
INFO: ResetCycle cm: false data: false
INFO: ResetCycle cm: false data: false
INFO: ResetCycle cm: false data: false
INFO: ResetCycle cm: false data: false
INFO: ResetCycle cm: false data: false
INFO: ResetCycle cm: false data: false
INFO: ResetCycle cm: false data: false
INFO: ResetCycle cm: false data: false
INFO: ResetCycle cm: false data: false
INFO: ResetCycle cm: false data: false
INFO: ResetCycle cm: false data: false
INFO: ResetCycle cm: "build" data: { isCancel=true, name="ueb1302" }
INFO: ResetCycle cm: false data: false
INFO: ResetCycle cm: false data: false
INFO: ResetCycle cm: false data: false
INFO: ResetCycle cm: false data: false
INFO: ResetCycle cm: false data: false
INFO: ResetCycle cm: "build" data: { isCancel=true, name="ueb1301" }
INFO: ResetCycle cm: false data: false
INFO: ResetCycle cm: false data: false
INFO: ResetCycle cm: false data: false
INFO: ResetCycle cm: "build" data: { isCancel=false, name="ueb1106" }
INFO: ResetCycle cm: "build" data: { isCancel=true, name="ueb1302" }
INFO: ResetCycle cm: false data: false
INFO: ResetCycle cm: false data: false
INFO: ResetCycle cm: false data: false
INFO: ResetCycle cm: false data: false
INFO: ResetCycle cm: false data: false
INFO: ResetCycle cm: false data: false
INFO: ResetCycle cm: false data: false
INFO: ResetCycle cm: false data: false
INFO: ResetCycle cm: false data: false
INFO: ResetCycle cm: false data: false
INFO: ResetCycle cm: false data: false
INFO: ResetCycle cm: false data: false
INFO: ResetCycle cm: false data: false
INFO: ResetCycle cm: false data: false
INFO: ResetCycle cm: "build" data: { isCancel=true, name="xeb0104" }
INFO: ResetCycle cm: false data: false
INFO: ResetCycle cm: false data: false
INFO: ResetCycle cm: false data: false
INFO: ResetCycle cm: false data: false
INFO: ResetCycle cm: false data: false
INFO: ResetCycle cm: false data: false
INFO: ResetCycle cm: false data: false
INFO: ResetCycle cm: false data: false
INFO: ResetCycle cm: false data: false
INFO: ResetCycle cm: false data: false
INFO: ResetCycle cm: false data: false
INFO: ResetCycle cm: "build" data: { isCancel=true, name="ueb1302" }
INFO: ResetCycle cm: false data: false
INFO: ResetCycle cm: false data: false
INFO: ResetCycle cm: false data: false
INFO: ResetCycle cm: "build" data: { isCancel=true, name="ueb1302" }
INFO: ResetCycle cm: false data: false
INFO: ResetCycle cm: false data: false
INFO: ResetCycle cm: "build" data: { isCancel=false, name="ueb1302" }
INFO: ResetCycle cm: "build" data: { isCancel=false, name="ueb1302" }
INFO: ResetCycle cm: false data: false
INFO: ResetCycle cm: false data: false
INFO: ResetCycle cm: "build" data: { isCancel=true, name="ueb1302" }
INFO: ResetCycle cm: false data: false
INFO: ResetCycle cm: false data: false
INFO: ResetCycle cm: false data: false
INFO: ResetCycle cm: "build" data: { isCancel=true, name="ueb1301" }
INFO: ResetCycle cm: false data: false
INFO: ResetCycle cm: false data: false
INFO: ResetCycle cm: false data: false
INFO: ResetCycle cm: false data: false
INFO: ResetCycle cm: false data: false
INFO: ResetCycle cm: false data: false
INFO: ResetCycle cm: false data: false
INFO: ResetCycle cm: false data: false
INFO: ResetCycle cm: false data: false
INFO: ResetCycle cm: false data: false
INFO: ResetCycle cm: false data: false
INFO: ResetCycle cm: false data: false
INFO: ResetCycle cm: false data: false
INFO: ResetCycle cm: "build" data: { isCancel=true, name="ueb0304" }
INFO: ResetCycle cm: false data: false
INFO: ResetCycle cm: false data: false
INFO: ResetCycle cm: false data: false
INFO: ResetCycle cm: false data: false
INFO: ResetCycle cm: false data: false
INFO: ResetCycle cm: false data: false
INFO: ResetCycle cm: false data: false
INFO: ResetCycle cm: false data: false
INFO: ResetCycle cm: false data: false
INFO: ResetCycle cm: false data: false
INFO: ResetCycle cm: false data: false
INFO: ResetCycle cm: false data: false
INFO: ResetCycle cm: false data: false
INFO: ResetCycle cm: false data: false
WARNING: Error running '/lua/ui/game/commandmode.lua:OnCommandIssued': ...\gamedata\faforever.nxt\lua\ui\game\construction.lua(2168): table index is nil
         stack traceback:
         	...\gamedata\faforever.nxt\lua\ui\game\construction.lua(2168): in function <...\gamedata\faforever.nxt\lua\ui\game\construction.lua:2126>
         	...\gamedata\faforever.nxt\lua\ui\game\construction.lua(3043): in function `SetSecondaryDisplay'
         	...\gamedata\faforever.nxt\lua\ui\game\construction.lua(2192): in function `OnCheck'
         	...alliance\gamedata\mohodata.scd\lua\maui\checkbox.lua(45): in function `SetCheck'
         	...\gamedata\faforever.nxt\lua\ui\game\construction.lua(2016): in function `checkEnhancementTab'
         	...ander forged alliance\mods\notify\modules\notify.lua(44): in function `enqueueEnhancement'
         	...r\gamedata\faforever.nxt\lua\ui\game\commandmode.lua(206): in function <...r\gamedata\faforever.nxt\lua\ui\game\commandmode.lua:203>
         	...r\gamedata\faforever.nxt\lua\ui\game\commandmode.lua(252): in function <...r\gamedata\faforever.nxt\lua\ui\game\commandmode.lua:251>
         	...r\gamedata\faforever.nxt\lua\ui\game\commandmode.lua(275): in function <...r\gamedata\faforever.nxt\lua\ui\game\commandmode.lua:274>
         	[C]: in function `IssueUnitCommand'
         	...r forged alliance\mods\gaz_ui\modules\scumanager.lua(467): in function `UpgradeSCU'
         	...r forged alliance\mods\gaz_ui\modules\scumanager.lua(579): in function <...r forged alliance\mods\gaz_ui\modules\scumanager.lua:571>
WARNING: Error running '/lua/ui/game/commandmode.lua:OnCommandIssued': ...\gamedata\faforever.nxt\lua\ui\game\construction.lua(2168): table index is nil
         stack traceback:
         	...\gamedata\faforever.nxt\lua\ui\game\construction.lua(2168): in function <...\gamedata\faforever.nxt\lua\ui\game\construction.lua:2126>
         	...\gamedata\faforever.nxt\lua\ui\game\construction.lua(3043): in function `SetSecondaryDisplay'
         	...\gamedata\faforever.nxt\lua\ui\game\construction.lua(2192): in function `OnCheck'
         	...alliance\gamedata\mohodata.scd\lua\maui\checkbox.lua(45): in function `SetCheck'
         	...\gamedata\faforever.nxt\lua\ui\game\construction.lua(2016): in function `checkEnhancementTab'
         	...ander forged alliance\mods\notify\modules\notify.lua(44): in function `enqueueEnhancement'
         	...r\gamedata\faforever.nxt\lua\ui\game\commandmode.lua(206): in function <...r\gamedata\faforever.nxt\lua\ui\game\commandmode.lua:203>
         	...r\gamedata\faforever.nxt\lua\ui\game\commandmode.lua(252): in function <...r\gamedata\faforever.nxt\lua\ui\game\commandmode.lua:251>
         	...r\gamedata\faforever.nxt\lua\ui\game\commandmode.lua(275): in function <...r\gamedata\faforever.nxt\lua\ui\game\commandmode.lua:274>
         	[C]: in function `IssueUnitCommand'
         	...r forged alliance\mods\gaz_ui\modules\scumanager.lua(467): in function `UpgradeSCU'
         	...r forged alliance\mods\gaz_ui\modules\scumanager.lua(579): in function <...r forged alliance\mods\gaz_ui\modules\scumanager.lua:571>
WARNING: Error running '/lua/ui/game/commandmode.lua:OnCommandIssued': ...\gamedata\faforever.nxt\lua\ui\game\construction.lua(2168): table index is nil
         stack traceback:
         	...\gamedata\faforever.nxt\lua\ui\game\construction.lua(2168): in function <...\gamedata\faforever.nxt\lua\ui\game\construction.lua:2126>
         	...\gamedata\faforever.nxt\lua\ui\game\construction.lua(3043): in function `SetSecondaryDisplay'
         	...\gamedata\faforever.nxt\lua\ui\game\construction.lua(2192): in function `OnCheck'
         	...alliance\gamedata\mohodata.scd\lua\maui\checkbox.lua(45): in function `SetCheck'
         	...\gamedata\faforever.nxt\lua\ui\game\construction.lua(2016): in function `checkEnhancementTab'
         	...ander forged alliance\mods\notify\modules\notify.lua(44): in function `enqueueEnhancement'
         	...r\gamedata\faforever.nxt\lua\ui\game\commandmode.lua(206): in function <...r\gamedata\faforever.nxt\lua\ui\game\commandmode.lua:203>
         	...r\gamedata\faforever.nxt\lua\ui\game\commandmode.lua(252): in function <...r\gamedata\faforever.nxt\lua\ui\game\commandmode.lua:251>
         	...r\gamedata\faforever.nxt\lua\ui\game\commandmode.lua(275): in function <...r\gamedata\faforever.nxt\lua\ui\game\commandmode.lua:274>
         	[C]: in function `IssueUnitCommand'
         	...r forged alliance\mods\gaz_ui\modules\scumanager.lua(467): in function `UpgradeSCU'
         	...r forged alliance\mods\gaz_ui\modules\scumanager.lua(579): in function <...r forged alliance\mods\gaz_ui\modules\scumanager.lua:571>
INFO: ResetCycle cm: false data: false
INFO: ResetCycle cm: false data: false
INFO: ResetCycle cm: false data: false
INFO: ResetCycle cm: false data: false
